<?xml version="1.0" encoding="UTF-8"?>
<testng-results ignored="0" total="5" passed="5" failed="0" skipped="0">
  <reporter-output>
  </reporter-output>
  <suite started-at="2021-07-11T23:42:25 CEST" name="Default suite" finished-at="2021-07-11T23:42:30 CEST" duration-ms="5003">
    <groups>
    </groups>
    <test started-at="2021-07-11T23:42:25 CEST" name="Default test" finished-at="2021-07-11T23:42:30 CEST" duration-ms="5003">
      <class name="PostRequest">
        <test-method signature="post()[pri:0, instance:PostRequest@649bec2e]" started-at="2021-07-11T23:42:25 CEST" name="post" finished-at="2021-07-11T23:42:28 CEST" duration-ms="3073" status="PASS">
          <reporter-output>
          </reporter-output>
        </test-method> <!-- post -->
      </class> <!-- PostRequest -->
      <class name="BasicAuthenticationTest">
        <test-method signature="auth()[pri:0, instance:BasicAuthenticationTest@446293d]" started-at="2021-07-11T23:42:28 CEST" name="auth" finished-at="2021-07-11T23:42:29 CEST" duration-ms="782" status="PASS">
          <reporter-output>
          </reporter-output>
        </test-method> <!-- auth -->
      </class> <!-- BasicAuthenticationTest -->
      <class name="GetRequest">
        <test-method signature="getIpAddress()[pri:0, instance:GetRequest@69997e9d]" started-at="2021-07-11T23:42:29 CEST" name="getIpAddress" finished-at="2021-07-11T23:42:29 CEST" duration-ms="268" status="PASS">
          <reporter-output>
          </reporter-output>
        </test-method> <!-- getIpAddress -->
      </class> <!-- GetRequest -->
      <class name="PutRequest">
        <test-method signature="updateEmployee()[pri:0, instance:PutRequest@793be5ca]" started-at="2021-07-11T23:42:29 CEST" name="updateEmployee" finished-at="2021-07-11T23:42:30 CEST" duration-ms="397" status="PASS">
          <reporter-output>
          </reporter-output>
        </test-method> <!-- updateEmployee -->
      </class> <!-- PutRequest -->
      <class name="DeleteRequest">
        <test-method signature="delete()[pri:0, instance:DeleteRequest@2df9b86]" started-at="2021-07-11T23:42:30 CEST" name="delete" finished-at="2021-07-11T23:42:30 CEST" duration-ms="398" status="PASS">
          <reporter-output>
          </reporter-output>
        </test-method> <!-- delete -->
      </class> <!-- DeleteRequest -->
    </test> <!-- Default test -->
  </suite> <!-- Default suite -->
</testng-results>
