<?xml version="1.0" encoding="UTF-8"?>
<!-- Generated by org.testng.reporters.JUnitXMLReporter -->
<testsuite ignored="0" hostname="DESKTOP-75JV3VP" failures="0" tests="5" name="Default test" time="5.003" errors="0" timestamp="2021-07-11T23:42:30 CEST">
  <testcase classname="PostRequest" name="post" time="3.073"/>
  <testcase classname="BasicAuthenticationTest" name="auth" time="0.782"/>
  <testcase classname="GetRequest" name="getIpAddress" time="0.268"/>
  <testcase classname="PutRequest" name="updateEmployee" time="0.397"/>
  <testcase classname="DeleteRequest" name="delete" time="0.398"/>
</testsuite> <!-- Default test -->
